[0m14:02:59.039993 [debug] [MainThread]: Sending event: {'category': 'dbt', 'action': 'invocation', 'label': 'start', 'context': [<snowplow_tracker.self_describing_json.SelfDescribingJson object at 0x0000015910FBE530>, <snowplow_tracker.self_describing_json.SelfDescribingJson object at 0x000001591352AF50>, <snowplow_tracker.self_describing_json.SelfDescribingJson object at 0x000001591352AD40>]}


============================== 14:02:59.048347 | 469dae93-8f0a-4ff5-9eb9-ae3f3b44a4ee ==============================
[0m14:02:59.048347 [info ] [MainThread]: Running with dbt=1.6.6
[0m14:02:59.050475 [debug] [MainThread]: running dbt with arguments {'printer_width': '80', 'indirect_selection': 'eager', 'log_cache_events': 'False', 'write_json': 'True', 'partial_parse': 'True', 'cache_selected_only': 'False', 'profiles_dir': 'C:\\Users\\ichig\\.dbt', 'fail_fast': 'False', 'version_check': 'True', 'log_path': 'logs', 'debug': 'False', 'warn_error': 'None', 'use_colors': 'True', 'use_experimental_parser': 'False', 'no_print': 'None', 'quiet': 'False', 'warn_error_options': 'WarnErrorOptions(include=[], exclude=[])', 'introspect': 'True', 'log_format': 'default', 'static_parser': 'True', 'target_path': 'None', 'invocation_command': 'dbt init', 'send_anonymous_usage_stats': 'True'}
[0m14:02:59.050475 [warn ] [MainThread]: [ConfigFolderDirectory]: Unable to parse dict {'dir': WindowsPath('C:/Users/ichig/.dbt')}
[0m14:02:59.051980 [info ] [MainThread]: Creating dbt configuration folder at 
[0m14:03:13.403492 [debug] [MainThread]: Starter project path: c:\Users\ichig\OneDrive\Desktop\dbt-dev\.venv\lib\site-packages\dbt\include\starter_project
[0m14:03:13.481998 [info ] [MainThread]: 
Your new dbt project "bde_asm3" was created!

For more information on how to configure the profiles.yml file,
please consult the dbt documentation here:

  https://docs.getdbt.com/docs/configure-your-profile

One more thing:

Need help? Don't hesitate to reach out to us via GitHub issues or on Slack:

  https://community.getdbt.com/

Happy modeling!

[0m14:03:13.492915 [info ] [MainThread]: Setting up your profile.
[0m14:03:17.917271 [info ] [MainThread]: Profile bde_asm3 written to C:\Users\ichig\.dbt\profiles.yml using target's sample configuration. Once updated, you'll be able to start developing with dbt.
[0m14:03:17.917271 [debug] [MainThread]: Command `dbt init` succeeded at 14:03:17.917271 after 18.94 seconds
[0m14:03:17.917271 [debug] [MainThread]: Sending event: {'category': 'dbt', 'action': 'invocation', 'label': 'end', 'context': [<snowplow_tracker.self_describing_json.SelfDescribingJson object at 0x0000015910FBE530>, <snowplow_tracker.self_describing_json.SelfDescribingJson object at 0x000001591163C4C0>, <snowplow_tracker.self_describing_json.SelfDescribingJson object at 0x000001591352AC20>]}
[0m14:03:17.917271 [debug] [MainThread]: Flushing usage events
[0m14:09:20.222421 [debug] [MainThread]: Sending event: {'category': 'dbt', 'action': 'invocation', 'label': 'start', 'context': [<snowplow_tracker.self_describing_json.SelfDescribingJson object at 0x0000028334ACE560>, <snowplow_tracker.self_describing_json.SelfDescribingJson object at 0x000002833703B4F0>, <snowplow_tracker.self_describing_json.SelfDescribingJson object at 0x000002833703B250>]}


============================== 14:09:20.222421 | db80d8aa-47cc-458c-a364-42af0ebaadd2 ==============================
[0m14:09:20.222421 [info ] [MainThread]: Running with dbt=1.6.6
[0m14:09:20.222421 [debug] [MainThread]: running dbt with arguments {'printer_width': '80', 'indirect_selection': 'eager', 'log_cache_events': 'False', 'write_json': 'True', 'partial_parse': 'True', 'cache_selected_only': 'False', 'profiles_dir': 'C:\\Users\\ichig\\.dbt', 'debug': 'False', 'fail_fast': 'False', 'log_path': 'logs', 'warn_error': 'None', 'version_check': 'True', 'use_colors': 'True', 'use_experimental_parser': 'False', 'no_print': 'None', 'quiet': 'False', 'log_format': 'default', 'static_parser': 'True', 'introspect': 'True', 'warn_error_options': 'WarnErrorOptions(include=[], exclude=[])', 'target_path': 'None', 'invocation_command': 'dbt debug', 'send_anonymous_usage_stats': 'True'}
[0m14:09:20.230521 [info ] [MainThread]: dbt version: 1.6.6
[0m14:09:20.230521 [info ] [MainThread]: python version: 3.10.5
[0m14:09:20.233291 [info ] [MainThread]: python path: c:\Users\ichig\OneDrive\Desktop\dbt-dev\.venv\Scripts\python.exe
[0m14:09:20.233864 [info ] [MainThread]: os info: Windows-10-10.0.22621-SP0
[0m14:09:20.285615 [info ] [MainThread]: Using profiles dir at C:\Users\ichig\.dbt
[0m14:09:20.300196 [info ] [MainThread]: Using profiles.yml file at C:\Users\ichig\.dbt\profiles.yml
[0m14:09:20.300196 [info ] [MainThread]: Using dbt_project.yml file at C:\Users\ichig\OneDrive\Desktop\dbt-dev\dbt_project.yml
[0m14:09:20.301611 [info ] [MainThread]: adapter type: postgres
[0m14:09:20.301611 [info ] [MainThread]: adapter version: 1.6.6
[0m14:09:20.301611 [info ] [MainThread]: Configuration:
[0m14:09:20.301611 [info ] [MainThread]:   profiles.yml file [[32mOK found and valid[0m]
[0m14:09:20.301611 [info ] [MainThread]:   dbt_project.yml file [[31mERROR not found[0m]
[0m14:09:20.308950 [info ] [MainThread]: Required dependencies:
[0m14:09:20.308950 [debug] [MainThread]: Executing "git --help"
[0m14:09:20.361432 [debug] [MainThread]: STDOUT: "b"usage: git [-v | --version] [-h | --help] [-C <path>] [-c <name>=<value>]\n           [--exec-path[=<path>]] [--html-path] [--man-path] [--info-path]\n           [-p | --paginate | -P | --no-pager] [--no-replace-objects] [--bare]\n           [--git-dir=<path>] [--work-tree=<path>] [--namespace=<name>]\n           [--config-env=<name>=<envvar>] <command> [<args>]\n\nThese are common Git commands used in various situations:\n\nstart a working area (see also: git help tutorial)\n   clone     Clone a repository into a new directory\n   init      Create an empty Git repository or reinitialize an existing one\n\nwork on the current change (see also: git help everyday)\n   add       Add file contents to the index\n   mv        Move or rename a file, a directory, or a symlink\n   restore   Restore working tree files\n   rm        Remove files from the working tree and from the index\n\nexamine the history and state (see also: git help revisions)\n   bisect    Use binary search to find the commit that introduced a bug\n   diff      Show changes between commits, commit and working tree, etc\n   grep      Print lines matching a pattern\n   log       Show commit logs\n   show      Show various types of objects\n   status    Show the working tree status\n\ngrow, mark and tweak your common history\n   branch    List, create, or delete branches\n   commit    Record changes to the repository\n   merge     Join two or more development histories together\n   rebase    Reapply commits on top of another base tip\n   reset     Reset current HEAD to the specified state\n   switch    Switch branches\n   tag       Create, list, delete or verify a tag object signed with GPG\n\ncollaborate (see also: git help workflows)\n   fetch     Download objects and refs from another repository\n   pull      Fetch from and integrate with another repository or a local branch\n   push      Update remote refs along with associated objects\n\n'git help -a' and 'git help -g' list available subcommands and some\nconcept guides. See 'git help <command>' or 'git help <concept>'\nto read about a specific subcommand or concept.\nSee 'git help git' for an overview of the system.\n""
[0m14:09:20.361432 [debug] [MainThread]: STDERR: "b''"
[0m14:09:20.361432 [info ] [MainThread]:  - git [[32mOK found[0m]

[0m14:09:20.361432 [info ] [MainThread]: Connection:
[0m14:09:20.364935 [info ] [MainThread]:   host: 35.244.102.222
[0m14:09:20.366321 [info ] [MainThread]:   port: 5432
[0m14:09:20.366916 [info ] [MainThread]:   user: postgres
[0m14:09:20.366916 [info ] [MainThread]:   database: postgres
[0m14:09:20.368296 [info ] [MainThread]:   schema: public
[0m14:09:20.368296 [info ] [MainThread]:   connect_timeout: 10
[0m14:09:20.368296 [info ] [MainThread]:   role: None
[0m14:09:20.368296 [info ] [MainThread]:   search_path: None
[0m14:09:20.368296 [info ] [MainThread]:   keepalives_idle: 0
[0m14:09:20.368296 [info ] [MainThread]:   sslmode: None
[0m14:09:20.368296 [info ] [MainThread]:   sslcert: None
[0m14:09:20.368296 [info ] [MainThread]:   sslkey: None
[0m14:09:20.376802 [info ] [MainThread]:   sslrootcert: None
[0m14:09:20.376802 [info ] [MainThread]:   application_name: dbt
[0m14:09:20.376802 [info ] [MainThread]:   retries: 1
[0m14:09:20.376802 [info ] [MainThread]: Registered adapter: postgres=1.6.6
[0m14:09:20.388239 [debug] [MainThread]: Acquiring new postgres connection 'debug'
[0m14:09:20.388239 [debug] [MainThread]: Using postgres connection "debug"
[0m14:09:20.388239 [debug] [MainThread]: On debug: select 1 as id
[0m14:09:20.388239 [debug] [MainThread]: Opening a new connection, currently in state init
[0m14:09:20.500816 [debug] [MainThread]: SQL status: SELECT 1 in 0.0 seconds
[0m14:09:20.500816 [debug] [MainThread]: On debug: Close
[0m14:09:20.500816 [info ] [MainThread]:   Connection test: [[32mOK connection ok[0m]

[0m14:09:20.516393 [info ] [MainThread]: [31m1 check failed:[0m
[0m14:09:20.517379 [info ] [MainThread]: Project loading failed for the following reason:
 project path <C:\Users\ichig\OneDrive\Desktop\dbt-dev\dbt_project.yml> not found

[0m14:09:20.517379 [debug] [MainThread]: Command `dbt debug` failed at 14:09:20.517379 after 0.35 seconds
[0m14:09:20.517379 [debug] [MainThread]: Connection 'debug' was properly closed.
[0m14:09:20.517379 [debug] [MainThread]: Sending event: {'category': 'dbt', 'action': 'invocation', 'label': 'end', 'context': [<snowplow_tracker.self_describing_json.SelfDescribingJson object at 0x0000028334ACE560>, <snowplow_tracker.self_describing_json.SelfDescribingJson object at 0x000002833716A3B0>, <snowplow_tracker.self_describing_json.SelfDescribingJson object at 0x000002833716A560>]}
[0m14:09:20.517379 [debug] [MainThread]: Flushing usage events
[0m14:14:17.739650 [debug] [MainThread]: Sending event: {'category': 'dbt', 'action': 'invocation', 'label': 'start', 'context': [<snowplow_tracker.self_describing_json.SelfDescribingJson object at 0x000001E6058F2560>, <snowplow_tracker.self_describing_json.SelfDescribingJson object at 0x000001E607E6B400>, <snowplow_tracker.self_describing_json.SelfDescribingJson object at 0x000001E607E6B220>]}


============================== 14:14:17.739650 | 00ce6a0a-4c31-4b0b-895d-e71466ce61ed ==============================
[0m14:14:17.739650 [info ] [MainThread]: Running with dbt=1.6.6
[0m14:14:17.739650 [debug] [MainThread]: running dbt with arguments {'printer_width': '80', 'indirect_selection': 'eager', 'write_json': 'True', 'log_cache_events': 'False', 'partial_parse': 'True', 'cache_selected_only': 'False', 'warn_error': 'None', 'debug': 'False', 'fail_fast': 'False', 'log_path': 'C:\\Users\\ichig\\OneDrive\\Desktop\\dbt-dev\\logs', 'version_check': 'True', 'profiles_dir': 'C:\\Users\\ichig\\.dbt', 'use_colors': 'True', 'use_experimental_parser': 'False', 'no_print': 'None', 'quiet': 'False', 'warn_error_options': 'WarnErrorOptions(include=[], exclude=[])', 'invocation_command': 'dbt debug', 'static_parser': 'True', 'log_format': 'default', 'target_path': 'None', 'introspect': 'True', 'send_anonymous_usage_stats': 'True'}
[0m14:14:17.739650 [info ] [MainThread]: dbt version: 1.6.6
[0m14:14:17.739650 [info ] [MainThread]: python version: 3.10.5
[0m14:14:17.748154 [info ] [MainThread]: python path: c:\Users\ichig\OneDrive\Desktop\dbt-dev\.venv\Scripts\python.exe
[0m14:14:17.749522 [info ] [MainThread]: os info: Windows-10-10.0.22621-SP0
[0m14:14:17.819870 [info ] [MainThread]: Using profiles dir at C:\Users\ichig\.dbt
[0m14:14:17.819870 [info ] [MainThread]: Using profiles.yml file at C:\Users\ichig\.dbt\profiles.yml
[0m14:14:17.819870 [info ] [MainThread]: Using dbt_project.yml file at C:\Users\ichig\OneDrive\Desktop\dbt-dev\dbt_project.yml
[0m14:14:17.819870 [info ] [MainThread]: adapter type: postgres
[0m14:14:17.819870 [info ] [MainThread]: adapter version: 1.6.6
[0m14:14:17.853654 [info ] [MainThread]: Configuration:
[0m14:14:17.853654 [info ] [MainThread]:   profiles.yml file [[32mOK found and valid[0m]
[0m14:14:17.864658 [info ] [MainThread]:   dbt_project.yml file [[32mOK found and valid[0m]
[0m14:14:17.864658 [info ] [MainThread]: Required dependencies:
[0m14:14:17.864658 [debug] [MainThread]: Executing "git --help"
[0m14:14:17.918376 [debug] [MainThread]: STDOUT: "b"usage: git [-v | --version] [-h | --help] [-C <path>] [-c <name>=<value>]\n           [--exec-path[=<path>]] [--html-path] [--man-path] [--info-path]\n           [-p | --paginate | -P | --no-pager] [--no-replace-objects] [--bare]\n           [--git-dir=<path>] [--work-tree=<path>] [--namespace=<name>]\n           [--config-env=<name>=<envvar>] <command> [<args>]\n\nThese are common Git commands used in various situations:\n\nstart a working area (see also: git help tutorial)\n   clone     Clone a repository into a new directory\n   init      Create an empty Git repository or reinitialize an existing one\n\nwork on the current change (see also: git help everyday)\n   add       Add file contents to the index\n   mv        Move or rename a file, a directory, or a symlink\n   restore   Restore working tree files\n   rm        Remove files from the working tree and from the index\n\nexamine the history and state (see also: git help revisions)\n   bisect    Use binary search to find the commit that introduced a bug\n   diff      Show changes between commits, commit and working tree, etc\n   grep      Print lines matching a pattern\n   log       Show commit logs\n   show      Show various types of objects\n   status    Show the working tree status\n\ngrow, mark and tweak your common history\n   branch    List, create, or delete branches\n   commit    Record changes to the repository\n   merge     Join two or more development histories together\n   rebase    Reapply commits on top of another base tip\n   reset     Reset current HEAD to the specified state\n   switch    Switch branches\n   tag       Create, list, delete or verify a tag object signed with GPG\n\ncollaborate (see also: git help workflows)\n   fetch     Download objects and refs from another repository\n   pull      Fetch from and integrate with another repository or a local branch\n   push      Update remote refs along with associated objects\n\n'git help -a' and 'git help -g' list available subcommands and some\nconcept guides. See 'git help <command>' or 'git help <concept>'\nto read about a specific subcommand or concept.\nSee 'git help git' for an overview of the system.\n""
[0m14:14:17.919347 [debug] [MainThread]: STDERR: "b''"
[0m14:14:17.919347 [info ] [MainThread]:  - git [[32mOK found[0m]

[0m14:14:17.919347 [info ] [MainThread]: Connection:
[0m14:14:17.925044 [info ] [MainThread]:   host: 35.244.102.222
[0m14:14:17.925044 [info ] [MainThread]:   port: 5432
[0m14:14:17.925044 [info ] [MainThread]:   user: postgres
[0m14:14:17.928260 [info ] [MainThread]:   database: postgres
[0m14:14:17.928260 [info ] [MainThread]:   schema: public
[0m14:14:17.928260 [info ] [MainThread]:   connect_timeout: 10
[0m14:14:17.928260 [info ] [MainThread]:   role: None
[0m14:14:17.928260 [info ] [MainThread]:   search_path: None
[0m14:14:17.928260 [info ] [MainThread]:   keepalives_idle: 0
[0m14:14:17.928260 [info ] [MainThread]:   sslmode: None
[0m14:14:17.935106 [info ] [MainThread]:   sslcert: None
[0m14:14:17.936040 [info ] [MainThread]:   sslkey: None
[0m14:14:17.938010 [info ] [MainThread]:   sslrootcert: None
[0m14:14:17.938010 [info ] [MainThread]:   application_name: dbt
[0m14:14:17.938010 [info ] [MainThread]:   retries: 1
[0m14:14:17.938010 [info ] [MainThread]: Registered adapter: postgres=1.6.6
[0m14:14:17.938010 [debug] [MainThread]: Acquiring new postgres connection 'debug'
[0m14:14:17.938010 [debug] [MainThread]: Using postgres connection "debug"
[0m14:14:17.938010 [debug] [MainThread]: On debug: select 1 as id
[0m14:14:17.938010 [debug] [MainThread]: Opening a new connection, currently in state init
[0m14:14:18.047404 [debug] [MainThread]: SQL status: SELECT 1 in 0.0 seconds
[0m14:14:18.047404 [debug] [MainThread]: On debug: Close
[0m14:14:18.047404 [info ] [MainThread]:   Connection test: [[32mOK connection ok[0m]

[0m14:14:18.047404 [info ] [MainThread]: [32mAll checks passed![0m
[0m14:14:18.047404 [debug] [MainThread]: Command `dbt debug` succeeded at 14:14:18.047404 after 0.36 seconds
[0m14:14:18.056169 [debug] [MainThread]: Connection 'debug' was properly closed.
[0m14:14:18.056169 [debug] [MainThread]: Sending event: {'category': 'dbt', 'action': 'invocation', 'label': 'end', 'context': [<snowplow_tracker.self_describing_json.SelfDescribingJson object at 0x000001E6058F2560>, <snowplow_tracker.self_describing_json.SelfDescribingJson object at 0x000001E607F96500>, <snowplow_tracker.self_describing_json.SelfDescribingJson object at 0x000001E607F95AB0>]}
[0m14:14:18.056169 [debug] [MainThread]: Flushing usage events
